LOCAL_CHUNKS,1,localhost,5101
client1,LOCAL_CHUNKS,1,localhost,5101
LOCAL_CHUNKS,2,localhost,5101
LOCAL_CHUNKS,2,localhost,5102
client1,LOCAL_CHUNKS,2,localhost,5101
client1,WHERE_CHUNK,3
P2PTracker,CHUNK_LOCATION_UNKNOWN,3
WHERE_CHUNK,3
client2,LOCAL_CHUNKS,2,localhost,5102
LOCAL_CHUNKS,3,localhost,5102
LOCAL_CHUNKS,1,localhost,5103
client2,LOCAL_CHUNKS,3,localhost,5102
client2,WHERE_CHUNK,1
GET_CHUNK_FROM,1,localhost,5101
GET_CHUNK_FROM,1,localhost,5101,localhost,5103
WHERE_CHUNK,1
client3,LOCAL_CHUNKS,1,localhost,5103
LOCAL_CHUNKS,3,localhost,5103
client1,WHERE_CHUNK,3
GET_CHUNK_FROM,3,localhost,5102
GET_CHUNK_FROM,3,localhost,5102,localhost,5103
WHERE_CHUNK,3
client3,LOCAL_CHUNKS,3,localhost,5103
client3,WHERE_CHUNK,2
GET_CHUNK_FROM,2,localhost,5101
GET_CHUNK_FROM,2,localhost,5101,localhost,5102
WHERE_CHUNK,2
client2,REQUEST_CHUNK,1,localhost,5101
LOCAL_CHUNKS,1,localhost,5102
client1,REQUEST_CHUNK,3,localhost,5102
LOCAL_CHUNKS,3,localhost,5101
client2,LOCAL_CHUNKS,1,localhost,5102
client3,REQUEST_CHUNK,2,localhost,5101
LOCAL_CHUNKS,2,localhost,5103
client1,LOCAL_CHUNKS,3,localhost,5101
client3,LOCAL_CHUNKS,2,localhost,5103
LOCAL_CHUNKS,1,localhost,5101
client1,LOCAL_CHUNKS,1,localhost,5101
LOCAL_CHUNKS,2,localhost,5101
client1,LOCAL_CHUNKS,2,localhost,5101
client1,WHERE_CHUNK,3
P2PTracker,CHUNK_LOCATION_UNKNOWN,3
WHERE_CHUNK,3
LOCAL_CHUNKS,2,localhost,5102
client2,LOCAL_CHUNKS,2,localhost,5102
LOCAL_CHUNKS,3,localhost,5102
LOCAL_CHUNKS,1,localhost,5103
client1,WHERE_CHUNK,3
GET_CHUNK_FROM,3,localhost,5102
WHERE_CHUNK,3
client2,LOCAL_CHUNKS,3,localhost,5102
client2,WHERE_CHUNK,1
GET_CHUNK_FROM,1,localhost,5101
GET_CHUNK_FROM,1,localhost,5101,localhost,5103
WHERE_CHUNK,1
client3,LOCAL_CHUNKS,1,localhost,5103
LOCAL_CHUNKS,3,localhost,5103
client3,LOCAL_CHUNKS,3,localhost,5103
client3,WHERE_CHUNK,2
GET_CHUNK_FROM,2,localhost,5101
GET_CHUNK_FROM,2,localhost,5101,localhost,5102
WHERE_CHUNK,2
client1,REQUEST_CHUNK,3,localhost,5102
LOCAL_CHUNKS,3,localhost,5101
client2,REQUEST_CHUNK,1,localhost,5101
LOCAL_CHUNKS,1,localhost,5102
client1,LOCAL_CHUNKS,3,localhost,5101
client2,LOCAL_CHUNKS,1,localhost,5102
LOCAL_CHUNKS,1,localhost,5101
client1,LOCAL_CHUNKS,1,localhost,5101
LOCAL_CHUNKS,2,localhost,5102
client1,LOCAL_CHUNKS,2,localhost,5101
LOCAL_CHUNKS,1,localhost,5103
client2,LOCAL_CHUNKS,2,localhost,5102
client3,LOCAL_CHUNKS,1,localhost,5103
client2,LOCAL_CHUNKS,3,localhost,5102
client3,LOCAL_CHUNKS,3,localhost,5103
LOCAL_CHUNKS,1,localhost,5101
client1,LOCAL_CHUNKS,1,localhost,5101
LOCAL_CHUNKS,2,localhost,5101
client1,LOCAL_CHUNKS,2,localhost,5101
client1,WHERE_CHUNK,3
P2PTracker,CHUNK_LOCATION_UNKNOWN,3
WHERE_CHUNK,3
LOCAL_CHUNKS,2,localhost,5102
client2,LOCAL_CHUNKS,2,localhost,5102
LOCAL_CHUNKS,3,localhost,5102
client1,WHERE_CHUNK,3
GET_CHUNK_FROM,3,localhost,5102
WHERE_CHUNK,3
LOCAL_CHUNKS,1,localhost,5103
client2,LOCAL_CHUNKS,3,localhost,5102
client2,WHERE_CHUNK,1
GET_CHUNK_FROM,1,localhost,5101
GET_CHUNK_FROM,1,localhost,5101,localhost,5103
WHERE_CHUNK,1
client3,LOCAL_CHUNKS,1,localhost,5103
LOCAL_CHUNKS,3,localhost,5103
client1,REQUEST_CHUNK,3,localhost,5102
LOCAL_CHUNKS,3,localhost,5101
client3,LOCAL_CHUNKS,3,localhost,5103
client3,WHERE_CHUNK,2
GET_CHUNK_FROM,2,localhost,5101
GET_CHUNK_FROM,2,localhost,5101,localhost,5102
WHERE_CHUNK,2
client1,LOCAL_CHUNKS,3,localhost,5101
client3,REQUEST_CHUNK,2,localhost,5101
LOCAL_CHUNKS,2,localhost,5103
client3,LOCAL_CHUNKS,2,localhost,5103
LOCAL_CHUNKS,1,localhost,5101
LOCAL_CHUNKS,2,localhost,5102
client1,LOCAL_CHUNKS,1,localhost,5101
LOCAL_CHUNKS,2,localhost,5101
LOCAL_CHUNKS,1,localhost,5103
client2,LOCAL_CHUNKS,2,localhost,5102
LOCAL_CHUNKS,3,localhost,5102
client1,LOCAL_CHUNKS,2,localhost,5101
client1,WHERE_CHUNK,3
GET_CHUNK_FROM,3,localhost,5102
WHERE_CHUNK,3
client3,LOCAL_CHUNKS,1,localhost,5103
LOCAL_CHUNKS,3,localhost,5103
client2,LOCAL_CHUNKS,3,localhost,5102
client2,WHERE_CHUNK,1
GET_CHUNK_FROM,1,localhost,5101
GET_CHUNK_FROM,1,localhost,5101,localhost,5103
WHERE_CHUNK,1
client3,LOCAL_CHUNKS,3,localhost,5103
client3,WHERE_CHUNK,2
GET_CHUNK_FROM,2,localhost,5102
GET_CHUNK_FROM,2,localhost,5102,localhost,5101
WHERE_CHUNK,2
client1,REQUEST_CHUNK,3,localhost,5102
LOCAL_CHUNKS,3,localhost,5101
client1,LOCAL_CHUNKS,3,localhost,5101
LOCAL_CHUNKS,1,localhost,5101
client1,LOCAL_CHUNKS,1,localhost,5101
LOCAL_CHUNKS,2,localhost,5101
client1,LOCAL_CHUNKS,2,localhost,5101
client1,WHERE_CHUNK,3
P2PTracker,CHUNK_LOCATION_UNKNOWN,3
WHERE_CHUNK,3
LOCAL_CHUNKS,1,localhost,5102
client2,LOCAL_CHUNKS,1,localhost,5102
LOCAL_CHUNKS,2,localhost,5102
client2,LOCAL_CHUNKS,2,localhost,5102
client2,WHERE_CHUNK,3
P2PTracker,CHUNK_LOCATION_UNKNOWN,3
WHERE_CHUNK,3
LOCAL_CHUNKS,1,localhost,5101
client1,LOCAL_CHUNKS,1,localhost,5101
LOCAL_CHUNKS,2,localhost,5101
client1,LOCAL_CHUNKS,2,localhost,5101
client1,WHERE_CHUNK,3
P2PTracker,CHUNK_LOCATION_UNKNOWN,3
WHERE_CHUNK,3
client1,WHERE_CHUNK,3
P2PTracker,CHUNK_LOCATION_UNKNOWN,3
WHERE_CHUNK,3
client1,WHERE_CHUNK,3
P2PTracker,CHUNK_LOCATION_UNKNOWN,3
WHERE_CHUNK,3
P2PTracker,CHUNK_LOCATION_UNKNOWN,3
client1,WHERE_CHUNK,3
WHERE_CHUNK,3
client1,WHERE_CHUNK,3
P2PTracker,CHUNK_LOCATION_UNKNOWN,3
WHERE_CHUNK,3
P2PTracker,CHUNK_LOCATION_UNKNOWN,3
client1,WHERE_CHUNK,3
WHERE_CHUNK,3
client1,WHERE_CHUNK,3
P2PTracker,CHUNK_LOCATION_UNKNOWN,3
WHERE_CHUNK,3
client1,WHERE_CHUNK,3
P2PTracker,CHUNK_LOCATION_UNKNOWN,3
WHERE_CHUNK,3
client1,WHERE_CHUNK,3
P2PTracker,CHUNK_LOCATION_UNKNOWN,3
WHERE_CHUNK,3
client1,WHERE_CHUNK,3
P2PTracker,CHUNK_LOCATION_UNKNOWN,3
WHERE_CHUNK,3
client1,WHERE_CHUNK,3
P2PTracker,CHUNK_LOCATION_UNKNOWN,3
WHERE_CHUNK,3
client1,WHERE_CHUNK,3
P2PTracker,CHUNK_LOCATION_UNKNOWN,3
WHERE_CHUNK,3
client1,WHERE_CHUNK,3
P2PTracker,CHUNK_LOCATION_UNKNOWN,3
WHERE_CHUNK,3
client1,WHERE_CHUNK,3
P2PTracker,CHUNK_LOCATION_UNKNOWN,3
WHERE_CHUNK,3
client1,WHERE_CHUNK,3
P2PTracker,CHUNK_LOCATION_UNKNOWN,3
WHERE_CHUNK,3
client1,WHERE_CHUNK,3
P2PTracker,CHUNK_LOCATION_UNKNOWN,3
WHERE_CHUNK,3
client1,WHERE_CHUNK,3
P2PTracker,CHUNK_LOCATION_UNKNOWN,3
WHERE_CHUNK,3
client1,WHERE_CHUNK,3
P2PTracker,CHUNK_LOCATION_UNKNOWN,3
WHERE_CHUNK,3
client1,WHERE_CHUNK,3
P2PTracker,CHUNK_LOCATION_UNKNOWN,3
WHERE_CHUNK,3
client1,WHERE_CHUNK,3
P2PTracker,CHUNK_LOCATION_UNKNOWN,3
WHERE_CHUNK,3
LOCAL_CHUNKS,1,localhost,5103
client3,LOCAL_CHUNKS,1,localhost,5103
LOCAL_CHUNKS,2,localhost,5103
client1,WHERE_CHUNK,3
P2PTracker,CHUNK_LOCATION_UNKNOWN,3
WHERE_CHUNK,3
client3,LOCAL_CHUNKS,2,localhost,5103
client3,WHERE_CHUNK,3
P2PTracker,CHUNK_LOCATION_UNKNOWN,3
WHERE_CHUNK,3
client1,WHERE_CHUNK,3
P2PTracker,CHUNK_LOCATION_UNKNOWN,3
WHERE_CHUNK,3
P2PTracker,CHUNK_LOCATION_UNKNOWN,3
client3,WHERE_CHUNK,3
WHERE_CHUNK,3
P2PTracker,CHUNK_LOCATION_UNKNOWN,3
client1,WHERE_CHUNK,3
WHERE_CHUNK,3
P2PTracker,CHUNK_LOCATION_UNKNOWN,3
WHERE_CHUNK,3
client3,WHERE_CHUNK,3
client1,WHERE_CHUNK,3
P2PTracker,CHUNK_LOCATION_UNKNOWN,3
WHERE_CHUNK,3
client3,WHERE_CHUNK,3
P2PTracker,CHUNK_LOCATION_UNKNOWN,3
WHERE_CHUNK,3
client1,WHERE_CHUNK,3
P2PTracker,CHUNK_LOCATION_UNKNOWN,3
WHERE_CHUNK,3
client3,WHERE_CHUNK,3
P2PTracker,CHUNK_LOCATION_UNKNOWN,3
WHERE_CHUNK,3
client1,WHERE_CHUNK,3
P2PTracker,CHUNK_LOCATION_UNKNOWN,3
WHERE_CHUNK,3
P2PTracker,CHUNK_LOCATION_UNKNOWN,3
WHERE_CHUNK,3
client3,WHERE_CHUNK,3
client1,WHERE_CHUNK,3
P2PTracker,CHUNK_LOCATION_UNKNOWN,3
WHERE_CHUNK,3
client3,WHERE_CHUNK,3
P2PTracker,CHUNK_LOCATION_UNKNOWN,3
WHERE_CHUNK,3
client1,WHERE_CHUNK,3
P2PTracker,CHUNK_LOCATION_UNKNOWN,3
WHERE_CHUNK,3
P2PTracker,CHUNK_LOCATION_UNKNOWN,3
client3,WHERE_CHUNK,3
WHERE_CHUNK,3
client1,WHERE_CHUNK,3
P2PTracker,CHUNK_LOCATION_UNKNOWN,3
WHERE_CHUNK,3
P2PTracker,CHUNK_LOCATION_UNKNOWN,3
client3,WHERE_CHUNK,3
WHERE_CHUNK,3
client1,WHERE_CHUNK,3
P2PTracker,CHUNK_LOCATION_UNKNOWN,3
WHERE_CHUNK,3
P2PTracker,CHUNK_LOCATION_UNKNOWN,3
client3,WHERE_CHUNK,3
WHERE_CHUNK,3
client1,WHERE_CHUNK,3
P2PTracker,CHUNK_LOCATION_UNKNOWN,3
WHERE_CHUNK,3
client3,WHERE_CHUNK,3
P2PTracker,CHUNK_LOCATION_UNKNOWN,3
WHERE_CHUNK,3
client1,WHERE_CHUNK,3
P2PTracker,CHUNK_LOCATION_UNKNOWN,3
WHERE_CHUNK,3
P2PTracker,CHUNK_LOCATION_UNKNOWN,3
WHERE_CHUNK,3
client3,WHERE_CHUNK,3
client1,WHERE_CHUNK,3
P2PTracker,CHUNK_LOCATION_UNKNOWN,3
WHERE_CHUNK,3
P2PTracker,CHUNK_LOCATION_UNKNOWN,3
client3,WHERE_CHUNK,3
WHERE_CHUNK,3
client1,WHERE_CHUNK,3
P2PTracker,CHUNK_LOCATION_UNKNOWN,3
WHERE_CHUNK,3
client3,WHERE_CHUNK,3
P2PTracker,CHUNK_LOCATION_UNKNOWN,3
WHERE_CHUNK,3
client1,WHERE_CHUNK,3
P2PTracker,CHUNK_LOCATION_UNKNOWN,3
WHERE_CHUNK,3
P2PTracker,CHUNK_LOCATION_UNKNOWN,3
WHERE_CHUNK,3
client3,WHERE_CHUNK,3
client1,WHERE_CHUNK,3
P2PTracker,CHUNK_LOCATION_UNKNOWN,3
WHERE_CHUNK,3
client3,WHERE_CHUNK,3
P2PTracker,CHUNK_LOCATION_UNKNOWN,3
WHERE_CHUNK,3
client3,WHERE_CHUNK,3
P2PTracker,CHUNK_LOCATION_UNKNOWN,3
WHERE_CHUNK,3
P2PTracker,CHUNK_LOCATION_UNKNOWN,3
client1,WHERE_CHUNK,3
WHERE_CHUNK,3
client1,WHERE_CHUNK,3
P2PTracker,CHUNK_LOCATION_UNKNOWN,3
WHERE_CHUNK,3
P2PTracker,CHUNK_LOCATION_UNKNOWN,3
WHERE_CHUNK,3
client3,WHERE_CHUNK,3
client1,WHERE_CHUNK,3
P2PTracker,CHUNK_LOCATION_UNKNOWN,3
WHERE_CHUNK,3
P2PTracker,CHUNK_LOCATION_UNKNOWN,3
client3,WHERE_CHUNK,3
WHERE_CHUNK,3
client3,WHERE_CHUNK,3
P2PTracker,CHUNK_LOCATION_UNKNOWN,3
WHERE_CHUNK,3
client1,WHERE_CHUNK,3
P2PTracker,CHUNK_LOCATION_UNKNOWN,3
WHERE_CHUNK,3
client3,WHERE_CHUNK,3
P2PTracker,CHUNK_LOCATION_UNKNOWN,3
WHERE_CHUNK,3
P2PTracker,CHUNK_LOCATION_UNKNOWN,3
client1,WHERE_CHUNK,3
WHERE_CHUNK,3
client3,WHERE_CHUNK,3
P2PTracker,CHUNK_LOCATION_UNKNOWN,3
WHERE_CHUNK,3
P2PTracker,CHUNK_LOCATION_UNKNOWN,3
WHERE_CHUNK,3
client1,WHERE_CHUNK,3
client3,WHERE_CHUNK,3
client1,WHERE_CHUNK,3
P2PTracker,CHUNK_LOCATION_UNKNOWN,3
P2PTracker,CHUNK_LOCATION_UNKNOWN,3
WHERE_CHUNK,3
WHERE_CHUNK,3
client3,WHERE_CHUNK,3
P2PTracker,CHUNK_LOCATION_UNKNOWN,3
WHERE_CHUNK,3
client1,WHERE_CHUNK,3
P2PTracker,CHUNK_LOCATION_UNKNOWN,3
WHERE_CHUNK,3
client3,WHERE_CHUNK,3
P2PTracker,CHUNK_LOCATION_UNKNOWN,3
WHERE_CHUNK,3
P2PTracker,CHUNK_LOCATION_UNKNOWN,3
WHERE_CHUNK,3
client1,WHERE_CHUNK,3
client3,WHERE_CHUNK,3
P2PTracker,CHUNK_LOCATION_UNKNOWN,3
WHERE_CHUNK,3
P2PTracker,CHUNK_LOCATION_UNKNOWN,3
WHERE_CHUNK,3
client1,WHERE_CHUNK,3
client3,WHERE_CHUNK,3
P2PTracker,CHUNK_LOCATION_UNKNOWN,3
WHERE_CHUNK,3
P2PTracker,CHUNK_LOCATION_UNKNOWN,3
client1,WHERE_CHUNK,3
WHERE_CHUNK,3
client3,WHERE_CHUNK,3
P2PTracker,CHUNK_LOCATION_UNKNOWN,3
WHERE_CHUNK,3
P2PTracker,CHUNK_LOCATION_UNKNOWN,3
client1,WHERE_CHUNK,3
WHERE_CHUNK,3
client3,WHERE_CHUNK,3
P2PTracker,CHUNK_LOCATION_UNKNOWN,3
WHERE_CHUNK,3
client1,WHERE_CHUNK,3
P2PTracker,CHUNK_LOCATION_UNKNOWN,3
WHERE_CHUNK,3
client3,WHERE_CHUNK,3
P2PTracker,CHUNK_LOCATION_UNKNOWN,3
WHERE_CHUNK,3
client1,WHERE_CHUNK,3
P2PTracker,CHUNK_LOCATION_UNKNOWN,3
WHERE_CHUNK,3
client3,WHERE_CHUNK,3
P2PTracker,CHUNK_LOCATION_UNKNOWN,3
WHERE_CHUNK,3
P2PTracker,CHUNK_LOCATION_UNKNOWN,3
client1,WHERE_CHUNK,3
WHERE_CHUNK,3
client3,WHERE_CHUNK,3
client1,WHERE_CHUNK,3
P2PTracker,CHUNK_LOCATION_UNKNOWN,3
WHERE_CHUNK,3
P2PTracker,CHUNK_LOCATION_UNKNOWN,3
WHERE_CHUNK,3
client1,WHERE_CHUNK,3
P2PTracker,CHUNK_LOCATION_UNKNOWN,3
WHERE_CHUNK,3
P2PTracker,CHUNK_LOCATION_UNKNOWN,3
client3,WHERE_CHUNK,3
WHERE_CHUNK,3
client1,WHERE_CHUNK,3
P2PTracker,CHUNK_LOCATION_UNKNOWN,3
WHERE_CHUNK,3
client3,WHERE_CHUNK,3
P2PTracker,CHUNK_LOCATION_UNKNOWN,3
WHERE_CHUNK,3
client1,WHERE_CHUNK,3
P2PTracker,CHUNK_LOCATION_UNKNOWN,3
WHERE_CHUNK,3
P2PTracker,CHUNK_LOCATION_UNKNOWN,3
WHERE_CHUNK,3
client3,WHERE_CHUNK,3
client1,WHERE_CHUNK,3
P2PTracker,CHUNK_LOCATION_UNKNOWN,3
WHERE_CHUNK,3
client3,WHERE_CHUNK,3
P2PTracker,CHUNK_LOCATION_UNKNOWN,3
WHERE_CHUNK,3
client3,WHERE_CHUNK,3
P2PTracker,CHUNK_LOCATION_UNKNOWN,3
WHERE_CHUNK,3
P2PTracker,CHUNK_LOCATION_UNKNOWN,3
client1,WHERE_CHUNK,3
WHERE_CHUNK,3
client1,WHERE_CHUNK,3
client3,WHERE_CHUNK,3
P2PTracker,CHUNK_LOCATION_UNKNOWN,3
WHERE_CHUNK,3
P2PTracker,CHUNK_LOCATION_UNKNOWN,3
WHERE_CHUNK,3
client3,WHERE_CHUNK,3
client1,WHERE_CHUNK,3
P2PTracker,CHUNK_LOCATION_UNKNOWN,3
P2PTracker,CHUNK_LOCATION_UNKNOWN,3
WHERE_CHUNK,3
WHERE_CHUNK,3
client1,WHERE_CHUNK,3
P2PTracker,CHUNK_LOCATION_UNKNOWN,3
WHERE_CHUNK,3
P2PTracker,CHUNK_LOCATION_UNKNOWN,3
WHERE_CHUNK,3
client3,WHERE_CHUNK,3
client3,WHERE_CHUNK,3
P2PTracker,CHUNK_LOCATION_UNKNOWN,3
WHERE_CHUNK,3
P2PTracker,CHUNK_LOCATION_UNKNOWN,3
WHERE_CHUNK,3
client1,WHERE_CHUNK,3
client3,WHERE_CHUNK,3
P2PTracker,CHUNK_LOCATION_UNKNOWN,3
WHERE_CHUNK,3
P2PTracker,CHUNK_LOCATION_UNKNOWN,3
client1,WHERE_CHUNK,3
WHERE_CHUNK,3
client3,WHERE_CHUNK,3
P2PTracker,CHUNK_LOCATION_UNKNOWN,3
WHERE_CHUNK,3
P2PTracker,CHUNK_LOCATION_UNKNOWN,3
client1,WHERE_CHUNK,3
WHERE_CHUNK,3
client1,WHERE_CHUNK,3
P2PTracker,CHUNK_LOCATION_UNKNOWN,3
WHERE_CHUNK,3
P2PTracker,CHUNK_LOCATION_UNKNOWN,3
WHERE_CHUNK,3
client3,WHERE_CHUNK,3
client1,WHERE_CHUNK,3
P2PTracker,CHUNK_LOCATION_UNKNOWN,3
WHERE_CHUNK,3
client3,WHERE_CHUNK,3
P2PTracker,CHUNK_LOCATION_UNKNOWN,3
WHERE_CHUNK,3
client1,WHERE_CHUNK,3
P2PTracker,CHUNK_LOCATION_UNKNOWN,3
WHERE_CHUNK,3
P2PTracker,CHUNK_LOCATION_UNKNOWN,3
client3,WHERE_CHUNK,3
WHERE_CHUNK,3
client1,WHERE_CHUNK,3
P2PTracker,CHUNK_LOCATION_UNKNOWN,3
WHERE_CHUNK,3
P2PTracker,CHUNK_LOCATION_UNKNOWN,3
WHERE_CHUNK,3
client3,WHERE_CHUNK,3
client1,WHERE_CHUNK,3
P2PTracker,CHUNK_LOCATION_UNKNOWN,3
WHERE_CHUNK,3
P2PTracker,CHUNK_LOCATION_UNKNOWN,3
client3,WHERE_CHUNK,3
WHERE_CHUNK,3
client1,WHERE_CHUNK,3
P2PTracker,CHUNK_LOCATION_UNKNOWN,3
WHERE_CHUNK,3
P2PTracker,CHUNK_LOCATION_UNKNOWN,3
client3,WHERE_CHUNK,3
WHERE_CHUNK,3
client3,WHERE_CHUNK,3
client1,WHERE_CHUNK,3
P2PTracker,CHUNK_LOCATION_UNKNOWN,3
WHERE_CHUNK,3
P2PTracker,CHUNK_LOCATION_UNKNOWN,3
WHERE_CHUNK,3
client1,WHERE_CHUNK,3
P2PTracker,CHUNK_LOCATION_UNKNOWN,3
WHERE_CHUNK,3
client3,WHERE_CHUNK,3
P2PTracker,CHUNK_LOCATION_UNKNOWN,3
WHERE_CHUNK,3
client1,WHERE_CHUNK,3
P2PTracker,CHUNK_LOCATION_UNKNOWN,3
WHERE_CHUNK,3
client3,WHERE_CHUNK,3
P2PTracker,CHUNK_LOCATION_UNKNOWN,3
WHERE_CHUNK,3
client1,WHERE_CHUNK,3
P2PTracker,CHUNK_LOCATION_UNKNOWN,3
WHERE_CHUNK,3
P2PTracker,CHUNK_LOCATION_UNKNOWN,3
client3,WHERE_CHUNK,3
WHERE_CHUNK,3
client1,WHERE_CHUNK,3
P2PTracker,CHUNK_LOCATION_UNKNOWN,3
WHERE_CHUNK,3
P2PTracker,CHUNK_LOCATION_UNKNOWN,3
WHERE_CHUNK,3
client3,WHERE_CHUNK,3
P2PTracker,CHUNK_LOCATION_UNKNOWN,3
client1,WHERE_CHUNK,3
WHERE_CHUNK,3
client3,WHERE_CHUNK,3
P2PTracker,CHUNK_LOCATION_UNKNOWN,3
WHERE_CHUNK,3
client1,WHERE_CHUNK,3
P2PTracker,CHUNK_LOCATION_UNKNOWN,3
WHERE_CHUNK,3
P2PTracker,CHUNK_LOCATION_UNKNOWN,3
WHERE_CHUNK,3
client3,WHERE_CHUNK,3
client1,WHERE_CHUNK,3
client3,WHERE_CHUNK,3
P2PTracker,CHUNK_LOCATION_UNKNOWN,3
WHERE_CHUNK,3
P2PTracker,CHUNK_LOCATION_UNKNOWN,3
WHERE_CHUNK,3
client1,WHERE_CHUNK,3
P2PTracker,CHUNK_LOCATION_UNKNOWN,3
WHERE_CHUNK,3
P2PTracker,CHUNK_LOCATION_UNKNOWN,3
WHERE_CHUNK,3
client3,WHERE_CHUNK,3
P2PTracker,CHUNK_LOCATION_UNKNOWN,3
WHERE_CHUNK,3
client1,WHERE_CHUNK,3
client3,WHERE_CHUNK,3
P2PTracker,CHUNK_LOCATION_UNKNOWN,3
WHERE_CHUNK,3
client1,WHERE_CHUNK,3
P2PTracker,CHUNK_LOCATION_UNKNOWN,3
WHERE_CHUNK,3
client3,WHERE_CHUNK,3
P2PTracker,CHUNK_LOCATION_UNKNOWN,3
WHERE_CHUNK,3
client1,WHERE_CHUNK,3
P2PTracker,CHUNK_LOCATION_UNKNOWN,3
WHERE_CHUNK,3
P2PTracker,CHUNK_LOCATION_UNKNOWN,3
client3,WHERE_CHUNK,3
WHERE_CHUNK,3
client1,WHERE_CHUNK,3
P2PTracker,CHUNK_LOCATION_UNKNOWN,3
WHERE_CHUNK,3
P2PTracker,CHUNK_LOCATION_UNKNOWN,3
client3,WHERE_CHUNK,3
WHERE_CHUNK,3
client1,WHERE_CHUNK,3
P2PTracker,CHUNK_LOCATION_UNKNOWN,3
WHERE_CHUNK,3
P2PTracker,CHUNK_LOCATION_UNKNOWN,3
client3,WHERE_CHUNK,3
WHERE_CHUNK,3
client1,WHERE_CHUNK,3
P2PTracker,CHUNK_LOCATION_UNKNOWN,3
WHERE_CHUNK,3
client3,WHERE_CHUNK,3
P2PTracker,CHUNK_LOCATION_UNKNOWN,3
WHERE_CHUNK,3
client1,WHERE_CHUNK,3
P2PTracker,CHUNK_LOCATION_UNKNOWN,3
WHERE_CHUNK,3
client3,WHERE_CHUNK,3
P2PTracker,CHUNK_LOCATION_UNKNOWN,3
WHERE_CHUNK,3
client1,WHERE_CHUNK,3
P2PTracker,CHUNK_LOCATION_UNKNOWN,3
WHERE_CHUNK,3
client3,WHERE_CHUNK,3
P2PTracker,CHUNK_LOCATION_UNKNOWN,3
WHERE_CHUNK,3
client1,WHERE_CHUNK,3
P2PTracker,CHUNK_LOCATION_UNKNOWN,3
WHERE_CHUNK,3
client3,WHERE_CHUNK,3
P2PTracker,CHUNK_LOCATION_UNKNOWN,3
WHERE_CHUNK,3
client1,WHERE_CHUNK,3
P2PTracker,CHUNK_LOCATION_UNKNOWN,3
WHERE_CHUNK,3
P2PTracker,CHUNK_LOCATION_UNKNOWN,3
WHERE_CHUNK,3
client3,WHERE_CHUNK,3
client1,WHERE_CHUNK,3
P2PTracker,CHUNK_LOCATION_UNKNOWN,3
WHERE_CHUNK,3
client3,WHERE_CHUNK,3
P2PTracker,CHUNK_LOCATION_UNKNOWN,3
WHERE_CHUNK,3
client1,WHERE_CHUNK,3
P2PTracker,CHUNK_LOCATION_UNKNOWN,3
WHERE_CHUNK,3
P2PTracker,CHUNK_LOCATION_UNKNOWN,3
WHERE_CHUNK,3
client3,WHERE_CHUNK,3
client1,WHERE_CHUNK,3
P2PTracker,CHUNK_LOCATION_UNKNOWN,3
WHERE_CHUNK,3
client3,WHERE_CHUNK,3
P2PTracker,CHUNK_LOCATION_UNKNOWN,3
WHERE_CHUNK,3
client1,WHERE_CHUNK,3
P2PTracker,CHUNK_LOCATION_UNKNOWN,3
WHERE_CHUNK,3
client3,WHERE_CHUNK,3
P2PTracker,CHUNK_LOCATION_UNKNOWN,3
WHERE_CHUNK,3
client1,WHERE_CHUNK,3
P2PTracker,CHUNK_LOCATION_UNKNOWN,3
WHERE_CHUNK,3
client3,WHERE_CHUNK,3
P2PTracker,CHUNK_LOCATION_UNKNOWN,3
WHERE_CHUNK,3
client1,WHERE_CHUNK,3
P2PTracker,CHUNK_LOCATION_UNKNOWN,3
WHERE_CHUNK,3
client3,WHERE_CHUNK,3
P2PTracker,CHUNK_LOCATION_UNKNOWN,3
WHERE_CHUNK,3
client1,WHERE_CHUNK,3
P2PTracker,CHUNK_LOCATION_UNKNOWN,3
WHERE_CHUNK,3
P2PTracker,CHUNK_LOCATION_UNKNOWN,3
client3,WHERE_CHUNK,3
WHERE_CHUNK,3
client1,WHERE_CHUNK,3
P2PTracker,CHUNK_LOCATION_UNKNOWN,3
WHERE_CHUNK,3
client3,WHERE_CHUNK,3
P2PTracker,CHUNK_LOCATION_UNKNOWN,3
WHERE_CHUNK,3
client1,WHERE_CHUNK,3
P2PTracker,CHUNK_LOCATION_UNKNOWN,3
WHERE_CHUNK,3
client3,WHERE_CHUNK,3
P2PTracker,CHUNK_LOCATION_UNKNOWN,3
WHERE_CHUNK,3
client1,WHERE_CHUNK,3
P2PTracker,CHUNK_LOCATION_UNKNOWN,3
WHERE_CHUNK,3
client3,WHERE_CHUNK,3
P2PTracker,CHUNK_LOCATION_UNKNOWN,3
WHERE_CHUNK,3
client1,WHERE_CHUNK,3
P2PTracker,CHUNK_LOCATION_UNKNOWN,3
WHERE_CHUNK,3
client3,WHERE_CHUNK,3
P2PTracker,CHUNK_LOCATION_UNKNOWN,3
WHERE_CHUNK,3
client1,WHERE_CHUNK,3
P2PTracker,CHUNK_LOCATION_UNKNOWN,3
WHERE_CHUNK,3
client3,WHERE_CHUNK,3
P2PTracker,CHUNK_LOCATION_UNKNOWN,3
WHERE_CHUNK,3
client1,WHERE_CHUNK,3
P2PTracker,CHUNK_LOCATION_UNKNOWN,3
WHERE_CHUNK,3
client3,WHERE_CHUNK,3
P2PTracker,CHUNK_LOCATION_UNKNOWN,3
WHERE_CHUNK,3
client1,WHERE_CHUNK,3
P2PTracker,CHUNK_LOCATION_UNKNOWN,3
WHERE_CHUNK,3
client3,WHERE_CHUNK,3
P2PTracker,CHUNK_LOCATION_UNKNOWN,3
WHERE_CHUNK,3
client1,WHERE_CHUNK,3
P2PTracker,CHUNK_LOCATION_UNKNOWN,3
WHERE_CHUNK,3
P2PTracker,CHUNK_LOCATION_UNKNOWN,3
client3,WHERE_CHUNK,3
WHERE_CHUNK,3
client1,WHERE_CHUNK,3
P2PTracker,CHUNK_LOCATION_UNKNOWN,3
WHERE_CHUNK,3
P2PTracker,CHUNK_LOCATION_UNKNOWN,3
WHERE_CHUNK,3
client3,WHERE_CHUNK,3
client1,WHERE_CHUNK,3
P2PTracker,CHUNK_LOCATION_UNKNOWN,3
WHERE_CHUNK,3
client3,WHERE_CHUNK,3
P2PTracker,CHUNK_LOCATION_UNKNOWN,3
WHERE_CHUNK,3
client1,WHERE_CHUNK,3
P2PTracker,CHUNK_LOCATION_UNKNOWN,3
WHERE_CHUNK,3
P2PTracker,CHUNK_LOCATION_UNKNOWN,3
client3,WHERE_CHUNK,3
WHERE_CHUNK,3
client1,WHERE_CHUNK,3
P2PTracker,CHUNK_LOCATION_UNKNOWN,3
WHERE_CHUNK,3
P2PTracker,CHUNK_LOCATION_UNKNOWN,3
client3,WHERE_CHUNK,3
WHERE_CHUNK,3
client1,WHERE_CHUNK,3
P2PTracker,CHUNK_LOCATION_UNKNOWN,3
WHERE_CHUNK,3
client3,WHERE_CHUNK,3
P2PTracker,CHUNK_LOCATION_UNKNOWN,3
WHERE_CHUNK,3
client1,WHERE_CHUNK,3
P2PTracker,CHUNK_LOCATION_UNKNOWN,3
WHERE_CHUNK,3
P2PTracker,CHUNK_LOCATION_UNKNOWN,3
client3,WHERE_CHUNK,3
WHERE_CHUNK,3
client1,WHERE_CHUNK,3
P2PTracker,CHUNK_LOCATION_UNKNOWN,3
WHERE_CHUNK,3
client3,WHERE_CHUNK,3
P2PTracker,CHUNK_LOCATION_UNKNOWN,3
WHERE_CHUNK,3
client1,WHERE_CHUNK,3
P2PTracker,CHUNK_LOCATION_UNKNOWN,3
WHERE_CHUNK,3
P2PTracker,CHUNK_LOCATION_UNKNOWN,3
client3,WHERE_CHUNK,3
WHERE_CHUNK,3
client1,WHERE_CHUNK,3
P2PTracker,CHUNK_LOCATION_UNKNOWN,3
WHERE_CHUNK,3
P2PTracker,CHUNK_LOCATION_UNKNOWN,3
client3,WHERE_CHUNK,3
WHERE_CHUNK,3
client1,WHERE_CHUNK,3
P2PTracker,CHUNK_LOCATION_UNKNOWN,3
WHERE_CHUNK,3
client3,WHERE_CHUNK,3
P2PTracker,CHUNK_LOCATION_UNKNOWN,3
WHERE_CHUNK,3
client1,WHERE_CHUNK,3
P2PTracker,CHUNK_LOCATION_UNKNOWN,3
WHERE_CHUNK,3
P2PTracker,CHUNK_LOCATION_UNKNOWN,3
WHERE_CHUNK,3
client3,WHERE_CHUNK,3
client1,WHERE_CHUNK,3
P2PTracker,CHUNK_LOCATION_UNKNOWN,3
WHERE_CHUNK,3
client3,WHERE_CHUNK,3
P2PTracker,CHUNK_LOCATION_UNKNOWN,3
WHERE_CHUNK,3
client1,WHERE_CHUNK,3
client3,WHERE_CHUNK,3
P2PTracker,CHUNK_LOCATION_UNKNOWN,3
P2PTracker,CHUNK_LOCATION_UNKNOWN,3
WHERE_CHUNK,3
WHERE_CHUNK,3
client1,WHERE_CHUNK,3
client3,WHERE_CHUNK,3
P2PTracker,CHUNK_LOCATION_UNKNOWN,3
P2PTracker,CHUNK_LOCATION_UNKNOWN,3
WHERE_CHUNK,3
WHERE_CHUNK,3
client3,WHERE_CHUNK,3
P2PTracker,CHUNK_LOCATION_UNKNOWN,3
WHERE_CHUNK,3
client1,WHERE_CHUNK,3
P2PTracker,CHUNK_LOCATION_UNKNOWN,3
WHERE_CHUNK,3
client3,WHERE_CHUNK,3
P2PTracker,CHUNK_LOCATION_UNKNOWN,3
WHERE_CHUNK,3
P2PTracker,CHUNK_LOCATION_UNKNOWN,3
WHERE_CHUNK,3
client1,WHERE_CHUNK,3
client3,WHERE_CHUNK,3
client1,WHERE_CHUNK,3
P2PTracker,CHUNK_LOCATION_UNKNOWN,3
P2PTracker,CHUNK_LOCATION_UNKNOWN,3
WHERE_CHUNK,3
WHERE_CHUNK,3
client1,WHERE_CHUNK,3
P2PTracker,CHUNK_LOCATION_UNKNOWN,3
WHERE_CHUNK,3
client3,WHERE_CHUNK,3
P2PTracker,CHUNK_LOCATION_UNKNOWN,3
WHERE_CHUNK,3
client3,WHERE_CHUNK,3
P2PTracker,CHUNK_LOCATION_UNKNOWN,3
WHERE_CHUNK,3
P2PTracker,CHUNK_LOCATION_UNKNOWN,3
client1,WHERE_CHUNK,3
WHERE_CHUNK,3
client1,WHERE_CHUNK,3
client3,WHERE_CHUNK,3
P2PTracker,CHUNK_LOCATION_UNKNOWN,3
P2PTracker,CHUNK_LOCATION_UNKNOWN,3
WHERE_CHUNK,3
WHERE_CHUNK,3
client3,WHERE_CHUNK,3
P2PTracker,CHUNK_LOCATION_UNKNOWN,3
WHERE_CHUNK,3
P2PTracker,CHUNK_LOCATION_UNKNOWN,3
WHERE_CHUNK,3
client1,WHERE_CHUNK,3
client3,WHERE_CHUNK,3
client1,WHERE_CHUNK,3
P2PTracker,CHUNK_LOCATION_UNKNOWN,3
P2PTracker,CHUNK_LOCATION_UNKNOWN,3
WHERE_CHUNK,3
WHERE_CHUNK,3
client1,WHERE_CHUNK,3
client3,WHERE_CHUNK,3
P2PTracker,CHUNK_LOCATION_UNKNOWN,3
WHERE_CHUNK,3
P2PTracker,CHUNK_LOCATION_UNKNOWN,3
WHERE_CHUNK,3
client1,WHERE_CHUNK,3
P2PTracker,CHUNK_LOCATION_UNKNOWN,3
WHERE_CHUNK,3
client3,WHERE_CHUNK,3
P2PTracker,CHUNK_LOCATION_UNKNOWN,3
WHERE_CHUNK,3
client1,WHERE_CHUNK,3
client3,WHERE_CHUNK,3
P2PTracker,CHUNK_LOCATION_UNKNOWN,3
WHERE_CHUNK,3
P2PTracker,CHUNK_LOCATION_UNKNOWN,3
WHERE_CHUNK,3
client3,WHERE_CHUNK,3
P2PTracker,CHUNK_LOCATION_UNKNOWN,3
WHERE_CHUNK,3
P2PTracker,CHUNK_LOCATION_UNKNOWN,3
client1,WHERE_CHUNK,3
WHERE_CHUNK,3
client3,WHERE_CHUNK,3
client1,WHERE_CHUNK,3
P2PTracker,CHUNK_LOCATION_UNKNOWN,3
WHERE_CHUNK,3
P2PTracker,CHUNK_LOCATION_UNKNOWN,3
WHERE_CHUNK,3
client3,WHERE_CHUNK,3
client1,WHERE_CHUNK,3
P2PTracker,CHUNK_LOCATION_UNKNOWN,3
WHERE_CHUNK,3
P2PTracker,CHUNK_LOCATION_UNKNOWN,3
WHERE_CHUNK,3
client3,WHERE_CHUNK,3
P2PTracker,CHUNK_LOCATION_UNKNOWN,3
WHERE_CHUNK,3
P2PTracker,CHUNK_LOCATION_UNKNOWN,3
client1,WHERE_CHUNK,3
WHERE_CHUNK,3
client3,WHERE_CHUNK,3
P2PTracker,CHUNK_LOCATION_UNKNOWN,3
WHERE_CHUNK,3
client1,WHERE_CHUNK,3
P2PTracker,CHUNK_LOCATION_UNKNOWN,3
WHERE_CHUNK,3
client1,WHERE_CHUNK,3
client3,WHERE_CHUNK,3
P2PTracker,CHUNK_LOCATION_UNKNOWN,3
P2PTracker,CHUNK_LOCATION_UNKNOWN,3
WHERE_CHUNK,3
WHERE_CHUNK,3
client1,WHERE_CHUNK,3
P2PTracker,CHUNK_LOCATION_UNKNOWN,3
WHERE_CHUNK,3
client3,WHERE_CHUNK,3
P2PTracker,CHUNK_LOCATION_UNKNOWN,3
WHERE_CHUNK,3
client1,WHERE_CHUNK,3
P2PTracker,CHUNK_LOCATION_UNKNOWN,3
WHERE_CHUNK,3
P2PTracker,CHUNK_LOCATION_UNKNOWN,3
WHERE_CHUNK,3
client3,WHERE_CHUNK,3
client3,WHERE_CHUNK,3
client1,WHERE_CHUNK,3
P2PTracker,CHUNK_LOCATION_UNKNOWN,3
WHERE_CHUNK,3
P2PTracker,CHUNK_LOCATION_UNKNOWN,3
WHERE_CHUNK,3
client3,WHERE_CHUNK,3
client1,WHERE_CHUNK,3
P2PTracker,CHUNK_LOCATION_UNKNOWN,3
WHERE_CHUNK,3
P2PTracker,CHUNK_LOCATION_UNKNOWN,3
WHERE_CHUNK,3
client1,WHERE_CHUNK,3
client3,WHERE_CHUNK,3
P2PTracker,CHUNK_LOCATION_UNKNOWN,3
WHERE_CHUNK,3
P2PTracker,CHUNK_LOCATION_UNKNOWN,3
WHERE_CHUNK,3
client3,WHERE_CHUNK,3
client1,WHERE_CHUNK,3
P2PTracker,CHUNK_LOCATION_UNKNOWN,3
WHERE_CHUNK,3
P2PTracker,CHUNK_LOCATION_UNKNOWN,3
WHERE_CHUNK,3
client3,WHERE_CHUNK,3
client1,WHERE_CHUNK,3
P2PTracker,CHUNK_LOCATION_UNKNOWN,3
WHERE_CHUNK,3
P2PTracker,CHUNK_LOCATION_UNKNOWN,3
WHERE_CHUNK,3
client1,WHERE_CHUNK,3
client3,WHERE_CHUNK,3
P2PTracker,CHUNK_LOCATION_UNKNOWN,3
WHERE_CHUNK,3
P2PTracker,CHUNK_LOCATION_UNKNOWN,3
WHERE_CHUNK,3
P2PTracker,CHUNK_LOCATION_UNKNOWN,3
client1,WHERE_CHUNK,3
WHERE_CHUNK,3
P2PTracker,CHUNK_LOCATION_UNKNOWN,3
WHERE_CHUNK,3
client3,WHERE_CHUNK,3
client1,WHERE_CHUNK,3
P2PTracker,CHUNK_LOCATION_UNKNOWN,3
WHERE_CHUNK,3
P2PTracker,CHUNK_LOCATION_UNKNOWN,3
WHERE_CHUNK,3
client3,WHERE_CHUNK,3
client3,WHERE_CHUNK,3
client1,WHERE_CHUNK,3
P2PTracker,CHUNK_LOCATION_UNKNOWN,3
WHERE_CHUNK,3
P2PTracker,CHUNK_LOCATION_UNKNOWN,3
WHERE_CHUNK,3
client3,WHERE_CHUNK,3
client1,WHERE_CHUNK,3
P2PTracker,CHUNK_LOCATION_UNKNOWN,3
WHERE_CHUNK,3
P2PTracker,CHUNK_LOCATION_UNKNOWN,3
WHERE_CHUNK,3
client3,WHERE_CHUNK,3
client1,WHERE_CHUNK,3
P2PTracker,CHUNK_LOCATION_UNKNOWN,3
WHERE_CHUNK,3
P2PTracker,CHUNK_LOCATION_UNKNOWN,3
WHERE_CHUNK,3
client1,WHERE_CHUNK,3
P2PTracker,CHUNK_LOCATION_UNKNOWN,3
WHERE_CHUNK,3
P2PTracker,CHUNK_LOCATION_UNKNOWN,3
WHERE_CHUNK,3
client3,WHERE_CHUNK,3
client3,WHERE_CHUNK,3
P2PTracker,CHUNK_LOCATION_UNKNOWN,3
WHERE_CHUNK,3
P2PTracker,CHUNK_LOCATION_UNKNOWN,3
WHERE_CHUNK,3
client1,WHERE_CHUNK,3
client3,WHERE_CHUNK,3
P2PTracker,CHUNK_LOCATION_UNKNOWN,3
client1,WHERE_CHUNK,3
WHERE_CHUNK,3
P2PTracker,CHUNK_LOCATION_UNKNOWN,3
WHERE_CHUNK,3
client3,WHERE_CHUNK,3
P2PTracker,CHUNK_LOCATION_UNKNOWN,3
WHERE_CHUNK,3
client1,WHERE_CHUNK,3
P2PTracker,CHUNK_LOCATION_UNKNOWN,3
WHERE_CHUNK,3
client3,WHERE_CHUNK,3
P2PTracker,CHUNK_LOCATION_UNKNOWN,3
WHERE_CHUNK,3
P2PTracker,CHUNK_LOCATION_UNKNOWN,3
client1,WHERE_CHUNK,3
WHERE_CHUNK,3
client3,WHERE_CHUNK,3
client1,WHERE_CHUNK,3
P2PTracker,CHUNK_LOCATION_UNKNOWN,3
WHERE_CHUNK,3
P2PTracker,CHUNK_LOCATION_UNKNOWN,3
WHERE_CHUNK,3
client3,WHERE_CHUNK,3
client1,WHERE_CHUNK,3
P2PTracker,CHUNK_LOCATION_UNKNOWN,3
P2PTracker,CHUNK_LOCATION_UNKNOWN,3
WHERE_CHUNK,3
WHERE_CHUNK,3
client3,WHERE_CHUNK,3
P2PTracker,CHUNK_LOCATION_UNKNOWN,3
WHERE_CHUNK,3
client1,WHERE_CHUNK,3
P2PTracker,CHUNK_LOCATION_UNKNOWN,3
WHERE_CHUNK,3
client3,WHERE_CHUNK,3
P2PTracker,CHUNK_LOCATION_UNKNOWN,3
WHERE_CHUNK,3
client1,WHERE_CHUNK,3
P2PTracker,CHUNK_LOCATION_UNKNOWN,3
WHERE_CHUNK,3
client3,WHERE_CHUNK,3
P2PTracker,CHUNK_LOCATION_UNKNOWN,3
WHERE_CHUNK,3
P2PTracker,CHUNK_LOCATION_UNKNOWN,3
WHERE_CHUNK,3
client1,WHERE_CHUNK,3
client3,WHERE_CHUNK,3
P2PTracker,CHUNK_LOCATION_UNKNOWN,3
WHERE_CHUNK,3
client1,WHERE_CHUNK,3
P2PTracker,CHUNK_LOCATION_UNKNOWN,3
WHERE_CHUNK,3
client3,WHERE_CHUNK,3
P2PTracker,CHUNK_LOCATION_UNKNOWN,3
WHERE_CHUNK,3
P2PTracker,CHUNK_LOCATION_UNKNOWN,3
WHERE_CHUNK,3
client1,WHERE_CHUNK,3
client3,WHERE_CHUNK,3
client1,WHERE_CHUNK,3
P2PTracker,CHUNK_LOCATION_UNKNOWN,3
WHERE_CHUNK,3
P2PTracker,CHUNK_LOCATION_UNKNOWN,3
WHERE_CHUNK,3
client1,WHERE_CHUNK,3
client3,WHERE_CHUNK,3
P2PTracker,CHUNK_LOCATION_UNKNOWN,3
WHERE_CHUNK,3
P2PTracker,CHUNK_LOCATION_UNKNOWN,3
WHERE_CHUNK,3
client1,WHERE_CHUNK,3
P2PTracker,CHUNK_LOCATION_UNKNOWN,3
WHERE_CHUNK,3
P2PTracker,CHUNK_LOCATION_UNKNOWN,3
WHERE_CHUNK,3
client3,WHERE_CHUNK,3
client1,WHERE_CHUNK,3
P2PTracker,CHUNK_LOCATION_UNKNOWN,3
WHERE_CHUNK,3
client3,WHERE_CHUNK,3
P2PTracker,CHUNK_LOCATION_UNKNOWN,3
WHERE_CHUNK,3
P2PTracker,CHUNK_LOCATION_UNKNOWN,3
WHERE_CHUNK,3
client1,WHERE_CHUNK,3
client3,WHERE_CHUNK,3
P2PTracker,CHUNK_LOCATION_UNKNOWN,3
WHERE_CHUNK,3
client1,WHERE_CHUNK,3
client3,WHERE_CHUNK,3
P2PTracker,CHUNK_LOCATION_UNKNOWN,3
WHERE_CHUNK,3
P2PTracker,CHUNK_LOCATION_UNKNOWN,3
WHERE_CHUNK,3
client1,WHERE_CHUNK,3
P2PTracker,CHUNK_LOCATION_UNKNOWN,3
WHERE_CHUNK,3
P2PTracker,CHUNK_LOCATION_UNKNOWN,3
client3,WHERE_CHUNK,3
WHERE_CHUNK,3
client1,WHERE_CHUNK,3
P2PTracker,CHUNK_LOCATION_UNKNOWN,3
WHERE_CHUNK,3
P2PTracker,CHUNK_LOCATION_UNKNOWN,3
client3,WHERE_CHUNK,3
WHERE_CHUNK,3
client1,WHERE_CHUNK,3
client3,WHERE_CHUNK,3
P2PTracker,CHUNK_LOCATION_UNKNOWN,3
P2PTracker,CHUNK_LOCATION_UNKNOWN,3
WHERE_CHUNK,3
WHERE_CHUNK,3
client1,WHERE_CHUNK,3
client3,WHERE_CHUNK,3
P2PTracker,CHUNK_LOCATION_UNKNOWN,3
P2PTracker,CHUNK_LOCATION_UNKNOWN,3
WHERE_CHUNK,3
WHERE_CHUNK,3
client3,WHERE_CHUNK,3
P2PTracker,CHUNK_LOCATION_UNKNOWN,3
WHERE_CHUNK,3
LOCAL_CHUNKS,1,localhost,5101
client1,LOCAL_CHUNKS,1,localhost,5101
LOCAL_CHUNKS,2,localhost,5101
client1,LOCAL_CHUNKS,2,localhost,5101
client1,WHERE_CHUNK,3
P2PTracker,CHUNK_LOCATION_UNKNOWN,3
WHERE_CHUNK,3
client1,WHERE_CHUNK,3
P2PTracker,CHUNK_LOCATION_UNKNOWN,3
WHERE_CHUNK,3
client1,WHERE_CHUNK,3
P2PTracker,CHUNK_LOCATION_UNKNOWN,3
WHERE_CHUNK,3
client1,WHERE_CHUNK,3
P2PTracker,CHUNK_LOCATION_UNKNOWN,3
WHERE_CHUNK,3
LOCAL_CHUNKS,2,localhost,5102
P2PTracker,CHUNK_LOCATION_UNKNOWN,3
client1,WHERE_CHUNK,3
WHERE_CHUNK,3
client2,LOCAL_CHUNKS,2,localhost,5102
LOCAL_CHUNKS,3,localhost,5102
client1,WHERE_CHUNK,3
GET_CHUNK_FROM,3,localhost,5102
WHERE_CHUNK,3
client2,LOCAL_CHUNKS,3,localhost,5102
client2,WHERE_CHUNK,1
GET_CHUNK_FROM,1,localhost,5101
WHERE_CHUNK,1
LOCAL_CHUNKS,1,localhost,5103
client3,LOCAL_CHUNKS,1,localhost,5103
LOCAL_CHUNKS,3,localhost,5103
client1,REQUEST_CHUNK,3,localhost,5102
client2,REQUEST_CHUNK,1,localhost,5101
client3,LOCAL_CHUNKS,3,localhost,5103
client3,WHERE_CHUNK,2
GET_CHUNK_FROM,2,localhost,5101
GET_CHUNK_FROM,2,localhost,5101,localhost,5102
WHERE_CHUNK,2
LOCAL_CHUNKS,1,localhost,5101
client1,LOCAL_CHUNKS,1,localhost,5101
LOCAL_CHUNKS,2,localhost,5101
client1,LOCAL_CHUNKS,2,localhost,5101
client1,WHERE_CHUNK,3
P2PTracker,CHUNK_LOCATION_UNKNOWN,3
WHERE_CHUNK,3
client1,WHERE_CHUNK,3
P2PTracker,CHUNK_LOCATION_UNKNOWN,3
WHERE_CHUNK,3
client1,WHERE_CHUNK,3
P2PTracker,CHUNK_LOCATION_UNKNOWN,3
WHERE_CHUNK,3
LOCAL_CHUNKS,2,localhost,5102
client2,LOCAL_CHUNKS,2,localhost,5102
LOCAL_CHUNKS,3,localhost,5102
client1,WHERE_CHUNK,3
GET_CHUNK_FROM,3,localhost,5102
WHERE_CHUNK,3
client2,LOCAL_CHUNKS,3,localhost,5102
client2,WHERE_CHUNK,1
GET_CHUNK_FROM,1,localhost,5101
WHERE_CHUNK,1
client1,REQUEST_CHUNK,3,localhost,5102
client2,REQUEST_CHUNK,1,localhost,5101
LOCAL_CHUNKS,1,localhost,5103
client3,LOCAL_CHUNKS,1,localhost,5103
LOCAL_CHUNKS,3,localhost,5103
client3,LOCAL_CHUNKS,3,localhost,5103
client3,WHERE_CHUNK,2
GET_CHUNK_FROM,2,localhost,5101
GET_CHUNK_FROM,2,localhost,5101,localhost,5102
WHERE_CHUNK,2
LOCAL_CHUNKS,1,localhost,5101
client1,LOCAL_CHUNKS,1,localhost,5101
LOCAL_CHUNKS,2,localhost,5101
client1,LOCAL_CHUNKS,2,localhost,5101
client1,WHERE_CHUNK,3
P2PTracker,CHUNK_LOCATION_UNKNOWN,3
WHERE_CHUNK,3
client1,WHERE_CHUNK,3
P2PTracker,CHUNK_LOCATION_UNKNOWN,3
WHERE_CHUNK,3
LOCAL_CHUNKS,2,localhost,5102
client1,WHERE_CHUNK,3
P2PTracker,CHUNK_LOCATION_UNKNOWN,3
WHERE_CHUNK,3
client2,LOCAL_CHUNKS,2,localhost,5102
LOCAL_CHUNKS,3,localhost,5102
client1,WHERE_CHUNK,3
GET_CHUNK_FROM,3,localhost,5102
WHERE_CHUNK,3
client2,LOCAL_CHUNKS,3,localhost,5102
client2,WHERE_CHUNK,1
GET_CHUNK_FROM,1,localhost,5101
WHERE_CHUNK,1
LOCAL_CHUNKS,1,localhost,5103
client1,REQUEST_CHUNK,3,localhost,5102
client3,LOCAL_CHUNKS,1,localhost,5103
LOCAL_CHUNKS,3,localhost,5103
client2,REQUEST_CHUNK,1,localhost,5101
client3,LOCAL_CHUNKS,3,localhost,5103
client3,WHERE_CHUNK,2
GET_CHUNK_FROM,2,localhost,5101
GET_CHUNK_FROM,2,localhost,5101,localhost,5102
WHERE_CHUNK,2
LOCAL_CHUNKS,1,localhost,5101
client1,LOCAL_CHUNKS,1,localhost,5101
LOCAL_CHUNKS,2,localhost,5101
client1,LOCAL_CHUNKS,2,localhost,5101
client1,WHERE_CHUNK,3
GET_CHUNK_FROM,3,localhost,5102
GET_CHUNK_FROM,3,localhost,5102,localhost,5103
WHERE_CHUNK,3
LOCAL_CHUNKS,2,localhost,5102
client2,LOCAL_CHUNKS,2,localhost,5102
LOCAL_CHUNKS,3,localhost,5102
client2,LOCAL_CHUNKS,3,localhost,5102
client2,WHERE_CHUNK,1
GET_CHUNK_FROM,1,localhost,5101
GET_CHUNK_FROM,1,localhost,5101,localhost,5103
GET_CHUNK_FROM,1,localhost,5101,localhost,5103,localhost,5101
WHERE_CHUNK,1
LOCAL_CHUNKS,1,localhost,5103
client3,LOCAL_CHUNKS,1,localhost,5103
LOCAL_CHUNKS,3,localhost,5103
client3,LOCAL_CHUNKS,3,localhost,5103
client3,WHERE_CHUNK,2
GET_CHUNK_FROM,2,localhost,5101
GET_CHUNK_FROM,2,localhost,5101,localhost,5102
GET_CHUNK_FROM,2,localhost,5101,localhost,5102,localhost,5101
GET_CHUNK_FROM,2,localhost,5101,localhost,5102,localhost,5101,localhost,5102
WHERE_CHUNK,2
LOCAL_CHUNKS,1,localhost,5101
client1,LOCAL_CHUNKS,1,localhost,5101
LOCAL_CHUNKS,2,localhost,5101
client1,LOCAL_CHUNKS,2,localhost,5101
client1,WHERE_CHUNK,3
P2PTracker,CHUNK_LOCATION_UNKNOWN,3
WHERE_CHUNK,3
LOCAL_CHUNKS,2,localhost,5102
client1,WHERE_CHUNK,3
P2PTracker,CHUNK_LOCATION_UNKNOWN,3
WHERE_CHUNK,3
client2,LOCAL_CHUNKS,2,localhost,5102
LOCAL_CHUNKS,3,localhost,5102
client1,WHERE_CHUNK,3
GET_CHUNK_FROM,3,localhost,5102
WHERE_CHUNK,3
LOCAL_CHUNKS,1,localhost,5103
client2,LOCAL_CHUNKS,3,localhost,5102
client2,WHERE_CHUNK,1
GET_CHUNK_FROM,1,localhost,5101
GET_CHUNK_FROM,1,localhost,5101,localhost,5103
WHERE_CHUNK,1
client3,LOCAL_CHUNKS,1,localhost,5103
LOCAL_CHUNKS,3,localhost,5103
client1,REQUEST_CHUNK,3,localhost,5102
LOCAL_CHUNKS,3,localhost,5101
client3,LOCAL_CHUNKS,3,localhost,5103
client3,WHERE_CHUNK,2
GET_CHUNK_FROM,2,localhost,5101
GET_CHUNK_FROM,2,localhost,5101,localhost,5102
WHERE_CHUNK,2
client1,LOCAL_CHUNKS,3,localhost,5101
LOCAL_CHUNKS,1,localhost,5101
client1,LOCAL_CHUNKS,1,localhost,5101
LOCAL_CHUNKS,2,localhost,5101
client1,LOCAL_CHUNKS,2,localhost,5101
client1,WHERE_CHUNK,3
P2PTracker,CHUNK_LOCATION_UNKNOWN,3
WHERE_CHUNK,3
LOCAL_CHUNKS,2,localhost,5102
client1,WHERE_CHUNK,3
P2PTracker,CHUNK_LOCATION_UNKNOWN,3
WHERE_CHUNK,3
client2,LOCAL_CHUNKS,2,localhost,5102
LOCAL_CHUNKS,3,localhost,5102
LOCAL_CHUNKS,1,localhost,5103
client1,WHERE_CHUNK,3
GET_CHUNK_FROM,3,localhost,5102
WHERE_CHUNK,3
client2,LOCAL_CHUNKS,3,localhost,5102
client2,WHERE_CHUNK,1
GET_CHUNK_FROM,1,localhost,5101
GET_CHUNK_FROM,1,localhost,5101,localhost,5103
WHERE_CHUNK,1
client3,LOCAL_CHUNKS,1,localhost,5103
LOCAL_CHUNKS,3,localhost,5103
client3,LOCAL_CHUNKS,3,localhost,5103
client3,WHERE_CHUNK,2
GET_CHUNK_FROM,2,localhost,5101
GET_CHUNK_FROM,2,localhost,5101,localhost,5102
WHERE_CHUNK,2
client1,REQUEST_CHUNK,3,localhost,5102
LOCAL_CHUNKS,3,localhost,5101
client1,LOCAL_CHUNKS,3,localhost,5101
LOCAL_CHUNKS,1,localhost,5101
client1,LOCAL_CHUNKS,1,localhost,5101
LOCAL_CHUNKS,2,localhost,5101
LOCAL_CHUNKS,2,localhost,5102
client1,LOCAL_CHUNKS,2,localhost,5101
client1,WHERE_CHUNK,3
P2PTracker,CHUNK_LOCATION_UNKNOWN,3
WHERE_CHUNK,3
client2,LOCAL_CHUNKS,2,localhost,5102
LOCAL_CHUNKS,3,localhost,5102
LOCAL_CHUNKS,1,localhost,5103
client1,WHERE_CHUNK,3
GET_CHUNK_FROM,3,localhost,5102
WHERE_CHUNK,3
client2,LOCAL_CHUNKS,3,localhost,5102
client2,WHERE_CHUNK,1
GET_CHUNK_FROM,1,localhost,5101
GET_CHUNK_FROM,1,localhost,5101,localhost,5103
WHERE_CHUNK,1
client3,LOCAL_CHUNKS,1,localhost,5103
LOCAL_CHUNKS,3,localhost,5103
client3,LOCAL_CHUNKS,3,localhost,5103
client3,WHERE_CHUNK,2
GET_CHUNK_FROM,2,localhost,5101
GET_CHUNK_FROM,2,localhost,5101,localhost,5102
WHERE_CHUNK,2
client1,REQUEST_CHUNK,3,localhost,5102
LOCAL_CHUNKS,3,localhost,5101
client1,LOCAL_CHUNKS,3,localhost,5101
LOCAL_CHUNKS,1,localhost,5101
client1,LOCAL_CHUNKS,1,localhost,5101
LOCAL_CHUNKS,2,localhost,5101
LOCAL_CHUNKS,2,localhost,5102
client1,LOCAL_CHUNKS,2,localhost,5101
client1,WHERE_CHUNK,3
P2PTracker,CHUNK_LOCATION_UNKNOWN,3
WHERE_CHUNK,3
client2,LOCAL_CHUNKS,2,localhost,5102
LOCAL_CHUNKS,3,localhost,5102
client1,WHERE_CHUNK,3
GET_CHUNK_FROM,3,localhost,5102
WHERE_CHUNK,3
LOCAL_CHUNKS,1,localhost,5103
client2,LOCAL_CHUNKS,3,localhost,5102
client2,WHERE_CHUNK,1
GET_CHUNK_FROM,1,localhost,5101
GET_CHUNK_FROM,1,localhost,5101,localhost,5103
WHERE_CHUNK,1
client3,LOCAL_CHUNKS,1,localhost,5103
LOCAL_CHUNKS,3,localhost,5103
client1,REQUEST_CHUNK,3,localhost,5102
LOCAL_CHUNKS,3,localhost,5101
client3,LOCAL_CHUNKS,3,localhost,5103
client3,WHERE_CHUNK,2
GET_CHUNK_FROM,2,localhost,5101
GET_CHUNK_FROM,2,localhost,5101,localhost,5102
WHERE_CHUNK,2
client1,LOCAL_CHUNKS,3,localhost,5101
LOCAL_CHUNKS,1,localhost,5101
client1,LOCAL_CHUNKS,1,localhost,5101
LOCAL_CHUNKS,2,localhost,5101
LOCAL_CHUNKS,2,localhost,5102
client1,LOCAL_CHUNKS,2,localhost,5101
client1,WHERE_CHUNK,3
P2PTracker,CHUNK_LOCATION_UNKNOWN,3
WHERE_CHUNK,3
client2,LOCAL_CHUNKS,2,localhost,5102
LOCAL_CHUNKS,3,localhost,5102
client1,WHERE_CHUNK,3
GET_CHUNK_FROM,3,localhost,5102
WHERE_CHUNK,3
client2,LOCAL_CHUNKS,3,localhost,5102
client2,WHERE_CHUNK,1
GET_CHUNK_FROM,1,localhost,5101
WHERE_CHUNK,1
LOCAL_CHUNKS,1,localhost,5103
client3,LOCAL_CHUNKS,1,localhost,5103
LOCAL_CHUNKS,3,localhost,5103
client1,REQUEST_CHUNK,3,localhost,5102
client2,REQUEST_CHUNK,1,localhost,5101
client3,LOCAL_CHUNKS,3,localhost,5103
client3,WHERE_CHUNK,2
GET_CHUNK_FROM,2,localhost,5101
GET_CHUNK_FROM,2,localhost,5101,localhost,5102
WHERE_CHUNK,2
LOCAL_CHUNKS,1,localhost,5101
client1,LOCAL_CHUNKS,1,localhost,5101
LOCAL_CHUNKS,2,localhost,5101
LOCAL_CHUNKS,2,localhost,5102
client1,LOCAL_CHUNKS,2,localhost,5101
client1,WHERE_CHUNK,3
P2PTracker,CHUNK_LOCATION_UNKNOWN,3
WHERE_CHUNK,3
client2,LOCAL_CHUNKS,2,localhost,5102
LOCAL_CHUNKS,3,localhost,5102
LOCAL_CHUNKS,1,localhost,5103
client1,WHERE_CHUNK,3
GET_CHUNK_FROM,3,localhost,5102
WHERE_CHUNK,3
client2,LOCAL_CHUNKS,3,localhost,5102
client2,WHERE_CHUNK,1
GET_CHUNK_FROM,1,localhost,5101
GET_CHUNK_FROM,1,localhost,5101,localhost,5103
WHERE_CHUNK,1
client3,LOCAL_CHUNKS,1,localhost,5103
LOCAL_CHUNKS,3,localhost,5103
client3,LOCAL_CHUNKS,3,localhost,5103
client3,WHERE_CHUNK,2
GET_CHUNK_FROM,2,localhost,5101
GET_CHUNK_FROM,2,localhost,5101,localhost,5102
WHERE_CHUNK,2
client1,REQUEST_CHUNK,3,localhost,5102
LOCAL_CHUNKS,1,localhost,5101
client1,LOCAL_CHUNKS,1,localhost,5101
LOCAL_CHUNKS,2,localhost,5101
client1,LOCAL_CHUNKS,2,localhost,5101
client1,WHERE_CHUNK,3
P2PTracker,CHUNK_LOCATION_UNKNOWN,3
WHERE_CHUNK,3
client1,WHERE_CHUNK,3
P2PTracker,CHUNK_LOCATION_UNKNOWN,3
WHERE_CHUNK,3
client1,WHERE_CHUNK,3
P2PTracker,CHUNK_LOCATION_UNKNOWN,3
WHERE_CHUNK,3
client1,WHERE_CHUNK,3
P2PTracker,CHUNK_LOCATION_UNKNOWN,3
WHERE_CHUNK,3
client1,WHERE_CHUNK,3
P2PTracker,CHUNK_LOCATION_UNKNOWN,3
WHERE_CHUNK,3
P2PTracker,CHUNK_LOCATION_UNKNOWN,3
client1,WHERE_CHUNK,3
WHERE_CHUNK,3
client1,WHERE_CHUNK,3
P2PTracker,CHUNK_LOCATION_UNKNOWN,3
WHERE_CHUNK,3
client1,WHERE_CHUNK,3
P2PTracker,CHUNK_LOCATION_UNKNOWN,3
WHERE_CHUNK,3
client1,WHERE_CHUNK,3
P2PTracker,CHUNK_LOCATION_UNKNOWN,3
WHERE_CHUNK,3
client1,WHERE_CHUNK,3
P2PTracker,CHUNK_LOCATION_UNKNOWN,3
WHERE_CHUNK,3
client1,WHERE_CHUNK,3
P2PTracker,CHUNK_LOCATION_UNKNOWN,3
WHERE_CHUNK,3
LOCAL_CHUNKS,2,localhost,5102
client1,WHERE_CHUNK,3
P2PTracker,CHUNK_LOCATION_UNKNOWN,3
WHERE_CHUNK,3
client2,LOCAL_CHUNKS,2,localhost,5102
LOCAL_CHUNKS,3,localhost,5102
client1,WHERE_CHUNK,3
GET_CHUNK_FROM,3,localhost,5102
WHERE_CHUNK,3
client2,LOCAL_CHUNKS,3,localhost,5102
client2,WHERE_CHUNK,1
GET_CHUNK_FROM,1,localhost,5101
WHERE_CHUNK,1
client1,REQUEST_CHUNK,3,localhost,5102
client2,REQUEST_CHUNK,1,localhost,5101
LOCAL_CHUNKS,1,localhost,5103
client3,LOCAL_CHUNKS,1,localhost,5103
LOCAL_CHUNKS,3,localhost,5103
client3,LOCAL_CHUNKS,3,localhost,5103
client3,WHERE_CHUNK,2
GET_CHUNK_FROM,2,localhost,5101
GET_CHUNK_FROM,2,localhost,5101,localhost,5102
WHERE_CHUNK,2
LOCAL_CHUNKS,1,localhost,5101
client1,LOCAL_CHUNKS,1,localhost,5101
LOCAL_CHUNKS,2,localhost,5101
client1,LOCAL_CHUNKS,2,localhost,5101
client1,WHERE_CHUNK,3
P2PTracker,CHUNK_LOCATION_UNKNOWN,3
WHERE_CHUNK,3
LOCAL_CHUNKS,2,localhost,5102
client1,WHERE_CHUNK,3
P2PTracker,CHUNK_LOCATION_UNKNOWN,3
WHERE_CHUNK,3
client2,LOCAL_CHUNKS,2,localhost,5102
LOCAL_CHUNKS,3,localhost,5102
client1,WHERE_CHUNK,3
GET_CHUNK_FROM,3,localhost,5102
WHERE_CHUNK,3
client2,LOCAL_CHUNKS,3,localhost,5102
client2,WHERE_CHUNK,1
GET_CHUNK_FROM,1,localhost,5101
WHERE_CHUNK,1
LOCAL_CHUNKS,1,localhost,5103
client1,REQUEST_CHUNK,3,localhost,5102
LOCAL_CHUNKS,3,localhost,5101
client2,REQUEST_CHUNK,1,localhost,5101
client3,LOCAL_CHUNKS,1,localhost,5103
LOCAL_CHUNKS,3,localhost,5103
client1,LOCAL_CHUNKS,3,localhost,5101
client3,LOCAL_CHUNKS,3,localhost,5103
client3,WHERE_CHUNK,2
GET_CHUNK_FROM,2,localhost,5101
GET_CHUNK_FROM,2,localhost,5101,localhost,5102
WHERE_CHUNK,2
LOCAL_CHUNKS,1,localhost,5103
client3,LOCAL_CHUNKS,1,localhost,5103
LOCAL_CHUNKS,3,localhost,5103
client3,LOCAL_CHUNKS,3,localhost,5103
client3,WHERE_CHUNK,2
GET_CHUNK_FROM,2,localhost,5101
GET_CHUNK_FROM,2,localhost,5101,localhost,5102
WHERE_CHUNK,2
LOCAL_CHUNKS,2,localhost,5102
client2,LOCAL_CHUNKS,2,localhost,5102
LOCAL_CHUNKS,3,localhost,5102
client2,LOCAL_CHUNKS,3,localhost,5102
client2,WHERE_CHUNK,1
GET_CHUNK_FROM,1,localhost,5101
GET_CHUNK_FROM,1,localhost,5101,localhost,5103
GET_CHUNK_FROM,1,localhost,5101,localhost,5103,localhost,5103
WHERE_CHUNK,1
LOCAL_CHUNKS,1,localhost,5101
client1,LOCAL_CHUNKS,1,localhost,5101
LOCAL_CHUNKS,2,localhost,5101
client1,LOCAL_CHUNKS,2,localhost,5101
client1,WHERE_CHUNK,3
GET_CHUNK_FROM,3,localhost,5102
GET_CHUNK_FROM,3,localhost,5102,localhost,5101
GET_CHUNK_FROM,3,localhost,5102,localhost,5101,localhost,5103
GET_CHUNK_FROM,3,localhost,5102,localhost,5101,localhost,5103,localhost,5103
GET_CHUNK_FROM,3,localhost,5102,localhost,5101,localhost,5103,localhost,5103,localhost,5102
WHERE_CHUNK,3
LOCAL_CHUNKS,1,localhost,5101
client1,LOCAL_CHUNKS,1,localhost,5101
LOCAL_CHUNKS,2,localhost,5101
LOCAL_CHUNKS,2,localhost,5102
client1,LOCAL_CHUNKS,2,localhost,5101
client1,WHERE_CHUNK,3
GET_CHUNK_FROM,3,localhost,5102
GET_CHUNK_FROM,3,localhost,5102,localhost,5101
GET_CHUNK_FROM,3,localhost,5102,localhost,5101,localhost,5103
GET_CHUNK_FROM,3,localhost,5102,localhost,5101,localhost,5103,localhost,5103
GET_CHUNK_FROM,3,localhost,5102,localhost,5101,localhost,5103,localhost,5103,localhost,5102
WHERE_CHUNK,3
client2,LOCAL_CHUNKS,2,localhost,5102
LOCAL_CHUNKS,3,localhost,5102
LOCAL_CHUNKS,1,localhost,5103
client2,LOCAL_CHUNKS,3,localhost,5102
client2,WHERE_CHUNK,1
GET_CHUNK_FROM,1,localhost,5101
GET_CHUNK_FROM,1,localhost,5101,localhost,5103
GET_CHUNK_FROM,1,localhost,5101,localhost,5103,localhost,5103
GET_CHUNK_FROM,1,localhost,5101,localhost,5103,localhost,5103,localhost,5101
GET_CHUNK_FROM,1,localhost,5101,localhost,5103,localhost,5103,localhost,5101,localhost,5101
GET_CHUNK_FROM,1,localhost,5101,localhost,5103,localhost,5103,localhost,5101,localhost,5101,localhost,5103
WHERE_CHUNK,1
client3,LOCAL_CHUNKS,1,localhost,5103
LOCAL_CHUNKS,3,localhost,5103
client3,LOCAL_CHUNKS,3,localhost,5103
client3,WHERE_CHUNK,2
GET_CHUNK_FROM,2,localhost,5101
GET_CHUNK_FROM,2,localhost,5101,localhost,5102
GET_CHUNK_FROM,2,localhost,5101,localhost,5102,localhost,5102
GET_CHUNK_FROM,2,localhost,5101,localhost,5102,localhost,5102,localhost,5101
GET_CHUNK_FROM,2,localhost,5101,localhost,5102,localhost,5102,localhost,5101,localhost,5101
GET_CHUNK_FROM,2,localhost,5101,localhost,5102,localhost,5102,localhost,5101,localhost,5101,localhost,5102
WHERE_CHUNK,2
LOCAL_CHUNKS,1,localhost,5101
client1,LOCAL_CHUNKS,1,localhost,5101
LOCAL_CHUNKS,2,localhost,5101
LOCAL_CHUNKS,2,localhost,5102
client1,LOCAL_CHUNKS,2,localhost,5101
client1,WHERE_CHUNK,3
P2PTracker,CHUNK_LOCATION_UNKNOWN,3
WHERE_CHUNK,3
client2,LOCAL_CHUNKS,2,localhost,5102
LOCAL_CHUNKS,3,localhost,5102
client1,WHERE_CHUNK,3
GET_CHUNK_FROM,3,localhost,5102
WHERE_CHUNK,3
LOCAL_CHUNKS,1,localhost,5103
client2,LOCAL_CHUNKS,3,localhost,5102
client2,WHERE_CHUNK,1
GET_CHUNK_FROM,1,localhost,5101
GET_CHUNK_FROM,1,localhost,5101,localhost,5103
WHERE_CHUNK,1
client3,LOCAL_CHUNKS,1,localhost,5103
LOCAL_CHUNKS,3,localhost,5103
client1,REQUEST_CHUNK,3,localhost,5102
client3,LOCAL_CHUNKS,3,localhost,5103
client3,WHERE_CHUNK,2
GET_CHUNK_FROM,2,localhost,5101
GET_CHUNK_FROM,2,localhost,5101,localhost,5102
WHERE_CHUNK,2
LOCAL_CHUNKS,1,localhost,5101
client1,LOCAL_CHUNKS,1,localhost,5101
LOCAL_CHUNKS,2,localhost,5101
client1,LOCAL_CHUNKS,2,localhost,5101
client1,WHERE_CHUNK,3
GET_CHUNK_FROM,3,localhost,5102
GET_CHUNK_FROM,3,localhost,5102,localhost,5103
WHERE_CHUNK,3
LOCAL_CHUNKS,1,localhost,5101
client1,LOCAL_CHUNKS,1,localhost,5101
LOCAL_CHUNKS,2,localhost,5101
LOCAL_CHUNKS,2,localhost,5102
client1,LOCAL_CHUNKS,2,localhost,5101
client1,WHERE_CHUNK,3
P2PTracker,CHUNK_LOCATION_UNKNOWN,3
WHERE_CHUNK,3
client2,LOCAL_CHUNKS,2,localhost,5102
LOCAL_CHUNKS,3,localhost,5102
LOCAL_CHUNKS,1,localhost,5103
client1,WHERE_CHUNK,3
GET_CHUNK_FROM,3,localhost,5102
WHERE_CHUNK,3
client2,LOCAL_CHUNKS,3,localhost,5102
client2,WHERE_CHUNK,1
GET_CHUNK_FROM,1,localhost,5101
GET_CHUNK_FROM,1,localhost,5101,localhost,5103
WHERE_CHUNK,1
client3,LOCAL_CHUNKS,1,localhost,5103
LOCAL_CHUNKS,3,localhost,5103
client3,LOCAL_CHUNKS,3,localhost,5103
client3,WHERE_CHUNK,2
GET_CHUNK_FROM,2,localhost,5101
GET_CHUNK_FROM,2,localhost,5101,localhost,5102
WHERE_CHUNK,2
client1,REQUEST_CHUNK,3,localhost,5102
LOCAL_CHUNKS,1,localhost,5101
client1,LOCAL_CHUNKS,1,localhost,5101
LOCAL_CHUNKS,2,localhost,5101
LOCAL_CHUNKS,2,localhost,5102
client1,LOCAL_CHUNKS,2,localhost,5101
client1,WHERE_CHUNK,3
P2PTracker,CHUNK_LOCATION_UNKNOWN,3
WHERE_CHUNK,3
client2,LOCAL_CHUNKS,2,localhost,5102
LOCAL_CHUNKS,3,localhost,5102
client1,WHERE_CHUNK,3
GET_CHUNK_FROM,3,localhost,5102
WHERE_CHUNK,3
LOCAL_CHUNKS,1,localhost,5103
client2,LOCAL_CHUNKS,3,localhost,5102
client2,WHERE_CHUNK,1
GET_CHUNK_FROM,1,localhost,5101
GET_CHUNK_FROM,1,localhost,5101,localhost,5103
WHERE_CHUNK,1
client3,LOCAL_CHUNKS,1,localhost,5103
LOCAL_CHUNKS,3,localhost,5103
client1,REQUEST_CHUNK,3,localhost,5102
LOCAL_CHUNKS,3,localhost,5101
client3,LOCAL_CHUNKS,3,localhost,5103
client3,WHERE_CHUNK,2
GET_CHUNK_FROM,2,localhost,5101
GET_CHUNK_FROM,2,localhost,5101,localhost,5102
WHERE_CHUNK,2
client1,LOCAL_CHUNKS,3,localhost,5101
LOCAL_CHUNKS,1,localhost,5101
client1,LOCAL_CHUNKS,1,localhost,5101
LOCAL_CHUNKS,2,localhost,5101
client1,LOCAL_CHUNKS,2,localhost,5101
client1,WHERE_CHUNK,3
P2PTracker,CHUNK_LOCATION_UNKNOWN,3
WHERE_CHUNK,3
LOCAL_CHUNKS,2,localhost,5102
client1,WHERE_CHUNK,3
P2PTracker,CHUNK_LOCATION_UNKNOWN,3
WHERE_CHUNK,3
client2,LOCAL_CHUNKS,2,localhost,5102
LOCAL_CHUNKS,3,localhost,5102
GET_CHUNK_FROM,3,localhost,5102
client1,WHERE_CHUNK,3
WHERE_CHUNK,3
client2,LOCAL_CHUNKS,3,localhost,5102
client2,WHERE_CHUNK,1
GET_CHUNK_FROM,1,localhost,5101
WHERE_CHUNK,1
LOCAL_CHUNKS,1,localhost,5103
client1,REQUEST_CHUNK,3,localhost,5102
LOCAL_CHUNKS,3,localhost,5101
client3,LOCAL_CHUNKS,1,localhost,5103
LOCAL_CHUNKS,3,localhost,5103
client2,REQUEST_CHUNK,1,localhost,5101
client1,LOCAL_CHUNKS,3,localhost,5101
client3,LOCAL_CHUNKS,3,localhost,5103
client3,WHERE_CHUNK,2
GET_CHUNK_FROM,2,localhost,5101
GET_CHUNK_FROM,2,localhost,5101,localhost,5102
WHERE_CHUNK,2
LOCAL_CHUNKS,1,localhost,5101
client1,LOCAL_CHUNKS,1,localhost,5101
LOCAL_CHUNKS,2,localhost,5101
LOCAL_CHUNKS,2,localhost,5102
client1,LOCAL_CHUNKS,2,localhost,5101
client1,WHERE_CHUNK,3
P2PTracker,CHUNK_LOCATION_UNKNOWN,3
WHERE_CHUNK,3
client2,LOCAL_CHUNKS,2,localhost,5102
LOCAL_CHUNKS,3,localhost,5102
client1,WHERE_CHUNK,3
GET_CHUNK_FROM,3,localhost,5102
WHERE_CHUNK,3
LOCAL_CHUNKS,1,localhost,5103
client2,LOCAL_CHUNKS,3,localhost,5102
GET_CHUNK_FROM,1,localhost,5101
GET_CHUNK_FROM,1,localhost,5101,localhost,5103
WHERE_CHUNK,1
client2,WHERE_CHUNK,1
client3,LOCAL_CHUNKS,1,localhost,5103
LOCAL_CHUNKS,3,localhost,5103
client1,REQUEST_CHUNK,3,localhost,5102
LOCAL_CHUNKS,3,localhost,5101
client3,LOCAL_CHUNKS,3,localhost,5103
client3,WHERE_CHUNK,2
GET_CHUNK_FROM,2,localhost,5101
GET_CHUNK_FROM,2,localhost,5101,localhost,5102
WHERE_CHUNK,2
client1,LOCAL_CHUNKS,3,localhost,5101
LOCAL_CHUNKS,1,localhost,5101
client1,LOCAL_CHUNKS,1,localhost,5101
LOCAL_CHUNKS,2,localhost,5101
LOCAL_CHUNKS,2,localhost,5102
client1,LOCAL_CHUNKS,2,localhost,5101
client1,WHERE_CHUNK,3
P2PTracker,CHUNK_LOCATION_UNKNOWN,3
WHERE_CHUNK,3
client2,LOCAL_CHUNKS,2,localhost,5102
LOCAL_CHUNKS,3,localhost,5102
client1,WHERE_CHUNK,3
GET_CHUNK_FROM,3,localhost,5102
WHERE_CHUNK,3
LOCAL_CHUNKS,1,localhost,5103
client2,LOCAL_CHUNKS,3,localhost,5102
client2,WHERE_CHUNK,1
GET_CHUNK_FROM,1,localhost,5101
GET_CHUNK_FROM,1,localhost,5101,localhost,5103
WHERE_CHUNK,1
client3,LOCAL_CHUNKS,1,localhost,5103
LOCAL_CHUNKS,3,localhost,5103
client1,REQUEST_CHUNK,3,localhost,5102
LOCAL_CHUNKS,3,localhost,5101
client3,LOCAL_CHUNKS,3,localhost,5103
client3,WHERE_CHUNK,2
GET_CHUNK_FROM,2,localhost,5101
GET_CHUNK_FROM,2,localhost,5101,localhost,5102
WHERE_CHUNK,2
client1,LOCAL_CHUNKS,3,localhost,5101
LOCAL_CHUNKS,1,localhost,5101
client1,LOCAL_CHUNKS,1,localhost,5101
LOCAL_CHUNKS,2,localhost,5101
client1,LOCAL_CHUNKS,2,localhost,5101
client1,WHERE_CHUNK,3
P2PTracker,CHUNK_LOCATION_UNKNOWN,3
WHERE_CHUNK,3
client1,WHERE_CHUNK,3
P2PTracker,CHUNK_LOCATION_UNKNOWN,3
WHERE_CHUNK,3
client1,WHERE_CHUNK,3
P2PTracker,CHUNK_LOCATION_UNKNOWN,3
WHERE_CHUNK,3
P2PTracker,CHUNK_LOCATION_UNKNOWN,3
client1,WHERE_CHUNK,3
WHERE_CHUNK,3
client1,WHERE_CHUNK,3
P2PTracker,CHUNK_LOCATION_UNKNOWN,3
WHERE_CHUNK,3
LOCAL_CHUNKS,2,localhost,5102
client1,WHERE_CHUNK,3
P2PTracker,CHUNK_LOCATION_UNKNOWN,3
WHERE_CHUNK,3
client2,LOCAL_CHUNKS,2,localhost,5102
LOCAL_CHUNKS,3,localhost,5102
client1,WHERE_CHUNK,3
GET_CHUNK_FROM,3,localhost,5102
client2,LOCAL_CHUNKS,3,localhost,5102
client2,WHERE_CHUNK,1
GET_CHUNK_FROM,1,localhost,5101
WHERE_CHUNK,3
WHERE_CHUNK,1
LOCAL_CHUNKS,1,localhost,5103
client3,LOCAL_CHUNKS,1,localhost,5103
LOCAL_CHUNKS,3,localhost,5103
client3,LOCAL_CHUNKS,3,localhost,5103
client3,WHERE_CHUNK,2
GET_CHUNK_FROM,2,localhost,5101
GET_CHUNK_FROM,2,localhost,5101,localhost,5102
WHERE_CHUNK,2
LOCAL_CHUNKS,1,localhost,5101
client1,LOCAL_CHUNKS,1,localhost,5101
LOCAL_CHUNKS,2,localhost,5101
LOCAL_CHUNKS,2,localhost,5102
client1,LOCAL_CHUNKS,2,localhost,5101
client1,WHERE_CHUNK,3
P2PTracker,CHUNK_LOCATION_UNKNOWN,3
WHERE_CHUNK,3
client2,LOCAL_CHUNKS,2,localhost,5102
LOCAL_CHUNKS,3,localhost,5102
client1,WHERE_CHUNK,3
GET_CHUNK_FROM,3,localhost,5102
LOCAL_CHUNKS,1,localhost,5103
client2,LOCAL_CHUNKS,3,localhost,5102
client2,WHERE_CHUNK,1
GET_CHUNK_FROM,1,localhost,5101
WHERE_CHUNK,3
client3,LOCAL_CHUNKS,1,localhost,5103
LOCAL_CHUNKS,3,localhost,5103
GET_CHUNK_FROM,1,localhost,5101,localhost,5103
client1,LOCAL_CHUNKS,3,localhost,5101
LOCAL_CHUNKS,3,localhost,5101
client3,LOCAL_CHUNKS,3,localhost,5103
client3,WHERE_CHUNK,2
GET_CHUNK_FROM,2,localhost,5101
client2,LOCAL_CHUNKS,1,localhost,5102
WHERE_CHUNK,1
GET_CHUNK_FROM,2,localhost,5101,localhost,5102
LOCAL_CHUNKS,1,localhost,5102
client3,LOCAL_CHUNKS,2,localhost,5103
WHERE_CHUNK,2
LOCAL_CHUNKS,2,localhost,5103
LOCAL_CHUNKS,1,localhost,5101
client1,LOCAL_CHUNKS,1,localhost,5101
LOCAL_CHUNKS,2,localhost,5101
LOCAL_CHUNKS,2,localhost,5102
client1,LOCAL_CHUNKS,2,localhost,5101
client1,WHERE_CHUNK,3
P2PTracker,CHUNK_LOCATION_UNKNOWN,3
WHERE_CHUNK,3
client2,LOCAL_CHUNKS,2,localhost,5102
LOCAL_CHUNKS,3,localhost,5102
client1,WHERE_CHUNK,3
GET_CHUNK_FROM,3,localhost,5102
LOCAL_CHUNKS,1,localhost,5103
client2,LOCAL_CHUNKS,3,localhost,5102
client2,WHERE_CHUNK,1
GET_CHUNK_FROM,1,localhost,5101
WHERE_CHUNK,3
client3,LOCAL_CHUNKS,1,localhost,5103
LOCAL_CHUNKS,3,localhost,5103
GET_CHUNK_FROM,1,localhost,5101,localhost,5103
client1,LOCAL_CHUNKS,3,localhost,5101
LOCAL_CHUNKS,3,localhost,5101
client3,LOCAL_CHUNKS,3,localhost,5103
client3,WHERE_CHUNK,2
GET_CHUNK_FROM,2,localhost,5101
WHERE_CHUNK,1
client2,LOCAL_CHUNKS,1,localhost,5102
GET_CHUNK_FROM,2,localhost,5101,localhost,5102
LOCAL_CHUNKS,1,localhost,5102
WHERE_CHUNK,2
LOCAL_CHUNKS,1,localhost,5101
client1,LOCAL_CHUNKS,1,localhost,5101
LOCAL_CHUNKS,2,localhost,5101
LOCAL_CHUNKS,2,localhost,5102
client1,LOCAL_CHUNKS,2,localhost,5101
client1,WHERE_CHUNK,3
P2PTracker,CHUNK_LOCATION_UNKNOWN,3
WHERE_CHUNK,3
client2,LOCAL_CHUNKS,2,localhost,5102
LOCAL_CHUNKS,3,localhost,5102
client1,WHERE_CHUNK,3
GET_CHUNK_FROM,3,localhost,5102
client2,LOCAL_CHUNKS,3,localhost,5102
client2,WHERE_CHUNK,1
GET_CHUNK_FROM,1,localhost,5101
WHERE_CHUNK,3
LOCAL_CHUNKS,1,localhost,5103
GET_CHUNK_FROM,1,localhost,5101,localhost,5103
LOCAL_CHUNKS,3,localhost,5101
client1,LOCAL_CHUNKS,3,localhost,5101
client3,LOCAL_CHUNKS,1,localhost,5103
LOCAL_CHUNKS,3,localhost,5103
WHERE_CHUNK,1
client2,LOCAL_CHUNKS,1,localhost,5102
client3,LOCAL_CHUNKS,3,localhost,5103
client3,WHERE_CHUNK,2
GET_CHUNK_FROM,2,localhost,5101
LOCAL_CHUNKS,1,localhost,5102
GET_CHUNK_FROM,2,localhost,5101,localhost,5102
client3,LOCAL_CHUNKS,2,localhost,5103
WHERE_CHUNK,2
LOCAL_CHUNKS,2,localhost,5103
LOCAL_CHUNKS,1,localhost,5101
client1,LOCAL_CHUNKS,1,localhost,5101
LOCAL_CHUNKS,2,localhost,5101
LOCAL_CHUNKS,2,localhost,5102
client1,LOCAL_CHUNKS,2,localhost,5101
client1,WHERE_CHUNK,3
P2PTracker,CHUNK_LOCATION_UNKNOWN,3
WHERE_CHUNK,3
client1,WHERE_CHUNK,3
client2,LOCAL_CHUNKS,2,localhost,5102
P2PTracker,CHUNK_LOCATION_UNKNOWN,3
WHERE_CHUNK,3
LOCAL_CHUNKS,3,localhost,5102
LOCAL_CHUNKS,1,localhost,5103
client1,WHERE_CHUNK,3
client2,LOCAL_CHUNKS,3,localhost,5102
client2,WHERE_CHUNK,1
GET_CHUNK_FROM,1,localhost,5101
GET_CHUNK_FROM,3,localhost,5102
client3,LOCAL_CHUNKS,1,localhost,5103
LOCAL_CHUNKS,3,localhost,5103
GET_CHUNK_FROM,1,localhost,5101,localhost,5103
GET_CHUNK_FROM,3,localhost,5102,localhost,5103
client3,LOCAL_CHUNKS,3,localhost,5103
client3,WHERE_CHUNK,2
GET_CHUNK_FROM,2,localhost,5101
client1,LOCAL_CHUNKS,3,localhost,5101
client2,LOCAL_CHUNKS,1,localhost,5102
WHERE_CHUNK,1
WHERE_CHUNK,3
GET_CHUNK_FROM,2,localhost,5101,localhost,5102
LOCAL_CHUNKS,3,localhost,5101
LOCAL_CHUNKS,1,localhost,5102
WHERE_CHUNK,2
client3,LOCAL_CHUNKS,2,localhost,5103
LOCAL_CHUNKS,2,localhost,5103
